<?xml version="1.0" encoding="UTF-8"?>
<testng-results skipped="0" failed="0" total="1" passed="1">
  <reporter-output>
  </reporter-output>
  <suite name="Default suite" duration-ms="10831" started-at="2016-02-21T17:51:24Z" finished-at="2016-02-21T17:51:35Z">
    <groups>
    </groups>
    <test name="Default test" duration-ms="10831" started-at="2016-02-21T17:51:24Z" finished-at="2016-02-21T17:51:35Z">
      <class name="lazer.SecondTestNG.NewTest">
        <test-method status="PASS" signature="beforeMethod()[pri:0, instance:lazer.SecondTestNG.NewTest@d53b61e]" name="beforeMethod" is-config="true" duration-ms="6" started-at="2016-02-21T12:51:24Z" finished-at="2016-02-21T12:51:24Z">
          <reporter-output>
          </reporter-output>
        </test-method> <!-- beforeMethod -->
        <test-method status="PASS" signature="testGoogle()[pri:0, instance:lazer.SecondTestNG.NewTest@d53b61e]" name="testGoogle" duration-ms="10801" started-at="2016-02-21T12:51:24Z" finished-at="2016-02-21T12:51:35Z">
          <reporter-output>
          </reporter-output>
        </test-method> <!-- testGoogle -->
        <test-method status="PASS" signature="afterMethod()[pri:0, instance:lazer.SecondTestNG.NewTest@d53b61e]" name="afterMethod" is-config="true" duration-ms="0" started-at="2016-02-21T12:51:35Z" finished-at="2016-02-21T12:51:35Z">
          <reporter-output>
          </reporter-output>
        </test-method> <!-- afterMethod -->
      </class> <!-- lazer.SecondTestNG.NewTest -->
    </test> <!-- Default test -->
  </suite> <!-- Default suite -->
</testng-results>
